1695270717498:help
1695270727450:editcontinent
1695271356601:help
1695271393907:editcontinent
1695525806764:loadMap Rochelle
1695530302336:loadMap Me
1695530395091:loadMap
1695530402284:loadMap me
1695530411091:loadMap europe
1695530484550:loadMap
1695530489756:loadMap europe
1695530828421:loadMap
1695530832912:loadMap europe
1695530912782:loadMap
1695530916821:loadMap europe
1695531986195:showmap
1695570991533:loadmap
1695570996343:loadmap europr
1695571007124:showmap
1695612944271:loadmap europe
1695615287511:showmap
1695615356753:loadmap
1695615361443:loadmap europe
1695616235651:loadmap europr
1695616340741:loadmap europe
1695616545625:showmap
1695616657521:loadmap
1695616664012:showmap
1695745560688:showmap europe
1695747357094:showmap
1695756829593:help
1695756901434:loadmap europe
1695757749400:showmap europe
1695759123625:showmap
1695877204628:loadmap europe
1695879443437:loadMap
1695879450214:loadMap europe
1695879466532:loadmap europe
1695879586483:showmap
1695883436615:gameplayer -add rohit
1695883611942:gameplayer -add r
1695883739559:gameplayer -add p
1695883905095:gameplayer -add player
1695884337604:ssh-add --k test1
1695884376551:gameplayer -add
1695884398012:gameplayer -a
1695884477583:ssh-add k
1695884523055:ssh-add --k test1
1695884569418:gameplayer -a bee
1695884596100:loadmap
1695884602310:loadmap europe
1695884606890:showmap
1695884614227:gameplayer -a bee
1695884679707:loadmap europe
1695884682181:showmap
1695884691096:gameplayer -a bee
1695884934532:gameplayer -add test
1695884974705:loadmap
1695884979856:loadmap europe
1695884982187:showmap
1695884992784:gameplayer -a bee
1695885004865:gameplayer -remove bee
1695885071993:gameplayer -r bee
1695885135529:loadmap
1695885141148:loadmap europe
1695885143493:showmap
1695885152586:gameplayer -a bee
1695885158557:gameplayer -r bee
1695885314316:loadmap europe
1695885318702:showmap
1695885323245:gameplayer -add test
1695885370672:help
1695885383073:help gameplayer
1695885515693:loadmap europe
1695885518660:showmap
1695885523036:gameplayer -r bee
1695885534228:help gameplayer
1695885570099:loadmap europe
1695885573401:showmap
1695885575589:gameplayer -r bee
1695885581628:help gameplayer
1695885591297:gameplayer -add hell
1695885982238:help ssh
1695885991148:help my-ssh
1695886038127:gameplayer -add hell
1695886046024:help gameplayer
1695886090398:help loadmap
1695886129754:help gameplayer
1695886325876:help loadmap
1695886329168:help gameplayer
1695912346715:gameplayer -a bee
1695912367765:gameplayer -add bee
1695912382403:help
1695912395321:help gameplayer
1695912544362:gameplayer -add hello
1695912630852:gameplayer -add bee
1695912664859:help gameplayer
1695912672202:gameplayer -add bee
1695912697259:help my-ssh
1695912794054:gameplayer -add bee
1695912817497:help gameplayer
1695912857543:gameplayer -add bee
1695912871824:help gameplayer
1695912965195:gameplayer -add bee
1695913001527:help gameplayer
1695913010198:gameplayer
1695913173647:gameplayer -remove mhir
1695913332416:gameplayer -add mihir rochelle
1695913352073:gameplayer -add mihir aish --remove mihir
1695913432464:gameplayer -add mihir aish -remove mihir
1695913448255:gameplayer -remove mihir
1695938582015:gameplayer -add bee
1695938643184:loadmap europe
1695938648505:showmap
1695938656298:gameplayer -add bee
1695946243416:loadmap europe
1695946245839:showmap
1695946264622:gameplayer -add bee boo koo
1695946279239:gameplayer -add bee boo
1695946315147:help gameplayer
1695946668309:gameplayer -add bee boo
1695946719518:loadmap europe
1695946721760:showmap
1695946729119:gameplayer -add bee boo
1695946750234:gameplayer -remove bee
1695947080288:loadmap
1695947085399:loadmap filename
1695947090621:loadmap europe
1695947093410:showmap
1695947102261:gameplayer -add aish mihir
1695947126878:gameplayer -remove bee
1695948472893:loadmap europe
1695948493742:showmap
1695948517212:gameplayer -add aish mihir
1695948549929:gameplayer -remove mihir
1695954043358:loadmap europe
1695954047144:showmap
1695954059481:gameplayer -add harshita mihir
1695954074421:assigncountries
1696001985929:loadmap europe
1696001990412:showmap
1696002007412:gameplayers -add nola pink
1696002045170:gameplayer -add nola pink
1696002072983:assigncountries
1696006270100:loadmap europe
1696006277325:showmap
1696006290290:gameplayer -add mihir harshita
1696006303697:assigncountries
1696008922949:showstats
1696009741326:loadmap
1696009744866:loadmap europe
1696009747649:showmap
1696009756770:gameplayer -add my boo
1696009770912:assigncountries
1696009837160:loadmap europe
1696009840596:showmap
1696009857612:gamaplayer -add beebo peepo
1696009865632:gameplayer -add beebo peepo
1696009897283:assigncountries
1696009957006:showstats
1696010033274:loadmap europe
1696010035928:showmap
1696010048145:gameplayer -add p1 p2
1696010055098:assigncountries
1696010063959:showstats
1696010254296:loadmap europe
1696010258092:showmap
1696010265940:gameplayer -add bee boo
1696010277500:assigncountries
1696010343487:showstats
1696010483009:loadmap europe
1696010488058:showmap
1696010523822:gameplayer -add p1 p2
1696010545967:assigncountries
1696010551252:showstats
1695935641394:editmap europe
1695935648878:loadmap europe
1695935667815:editmap europe
1695935753566:loadmap europe
1696002615585:loadMap europe
1696002632868:loadmap europe
1696002766541:editmap europe2
1696002888332:loadmap europe
1696003276890:editmap europe
1696003295814:editcontinent -add 1 Italy
1696003469196:editmap europe
1696003528076:editcontinent -add 2 Italy
1696003540532:editmap europe
1696003561369:editcontinent -add 2 Italy
1696003606127:editmap europe
1696003630744:editcontinent -add 2 Italy
1696003726694:editcontinent -d
1696003737368:editcontinent -d ree
1696003761284:editcontinent -add 2 Italy
1696003795143:editmap europe
1696003804003:editcontinent -add 2 Italy
1696003895228:editmap europe
1696003906357:editcontinent -add 2 Italy
1696132443590:editmap europe
1696132548056:editmap newmap
1696396171443:editmap anashTemp
1696396181077:editcontinent 1 4
1696396187357:editcontinent -add 1 4
1696396191722:editcontinent -add 2 5
1696396209919:editcountry -add 1 1
1696396490789:loadmap anashTemp
1696396494409:editmap
1696396504178:editmap anashTemp
1696396543834:editmap temp
1696396573373:editcontinent -add 1 4
1696396577490:editcontinent -add 2 5
1696396592652:editcountry -add 1 1
1696396600931:editcountry -add 2 1
1696396609990:editcountry -add 12 2
1696396644958:editneighbor -add 1 2
1696396824320:editcountry -remove 12
1696397440177:editmap temp.map
1696397502984:editcountry -remove 12
1696397525493:editcountry -add 4 2
1696397655563:editcontinent -add 1 4
1696397678259:editcountry -add 4 2
1696397701320:editcountry -remove 2
1696397705399:editcountry -remove 4
1696398304032:loadmap anashTemp.map
1696398308642:loadmap anashTemp
1696398313055:showmap
1696398317896:editmap
1696398322481:editmap anashTemp
1696398329902:stacktrace
1696400991893:showmap
1696401037607:editmap temp123
1696401061475:editcontinent -add 1 4
1696401079948:editcontinent -add 2 3
1696401153676:editcontinent -remove 1
1696401381972:editcountry -add 1 1
1696401408061:editcountry -remove 1
1696401418828:stacktrace
1696401508709:editmap qe
1696401520176:editcontinent -add 1 4
1696401527146:editcountry -remove 2
1696401537557:editcountry -add 1 1
1696401566103:editcountry -remove 1
1696401740543:editmap ana
1696401745427:editcontinent -add 1 4
1696401749432:editcountry -add 1 1
1696401760784:editcountry -remove 1
1696401825369:editmap temp1234
1696401830001:editcontinent -add 1 4
1696401832892:editcountry -add 1 1
1696401845267:editcountry -remove 1
1696401963669:editmap anas
1696401968235:editcontinent -add 1 4
1696401970807:editcountry -add 1 1
1696401974067:editcountry -remove 1
1696402056336:editmap qedddd
1696402060103:editcontinent -add 1 4
1696402062954:editcountry -add 1 1
1696402066113:editcountry -remove 1
1696402092220:editmap anadddddd
1696402095346:editcontinent -add 1 4
1696402097926:editcountry -add 1 1
1696402100821:editcountry -remove 1
1696402208291:editmap temp1234344
1696402213332:editcontinent -add 1 4
1696402215436:editcountry -add 1 1
1696402220350:editcountry -remove 1
1696403147784:editmap qeddddsa
1696403150962:editcontinent -add 1 4
1696403153714:editcountry -add 1 1
1696403175470:editcountry -add 2 1
1696403181627:editcountry -remove 1
1696403366448:editmap ansa
1696403370621:editcontinent -add 1 4
1696403373439:editcountry -add 1 1
1696403387856:editcountry -remove 1
1696403565631:editmap anadddddd
1696403570022:editcontinent -add 1 4
1696403572830:editcountry -add 1 1
1696403579081:editcountry -remove 1
1696403709615:editmap temp1234
1696403713440:editcontinent -add 1 4
1696403715675:editcountry -add 1 1
1696403721590:editcountry -remove 1
1696403788962:editmap q
1696403792171:editcontinent -add 1 4
1696403794459:editcountry -add 1 1
1696403798548:editcountry -remove 1
1696403841469:editcountry -add 2 1
1696403855773:editcountry -remove 1
1696403886140:editcountry -add 3 1
1696403894789:editcountry -remove 2
1696404159217:editmap qfd
1696404166048:editcontinent -add 1 4
1696404168971:editcountry -add 1 1
1696404175462:editcountry -add 1 2
1696404178970:editcountry -add 1 3
1696404204441:editcountry -add 2 3
1696404212340:editcountry -add 3 3
1696404219901:editcountry -remove 1
1696404390033:editmap qc
1696404394973:editcontinent -add 1 4
1696404400555:editcountry -add 1 1
1696404408231:editcontinent -add 2 1
1696404432135:editcountry -remove 1
1696404495338:editmap anashhhh
1696404507647:editcontinent -add 1 4
1696404523965:editcountry -add 1 1
1696404530971:editcountry -add 2 1
1696404542886:editcountry -remove 1
1696404653562:editmap qas
1696404661429:editcontinent -add 1 4
1696404668240:editcountry -add 1 1
1696404680252:editcountry -add 2 1
1696404687493:editcountry -remove 1
